# JRE version: Java(TM) SE Runtime Environment (7.0_55-b13) (build 1.7.0_55-b13)
# Java VM: Java HotSpot(TM) Client VM (24.55-b03 mixed mode, sharing windows-x86 )
Heap
 def new generation   total 17856K, used 17856K [0x24320000, 0x25670000, 0x29870000)
  eden space 15936K, 100% used [0x24320000, 0x252b0000, 0x252b0000)
  from space 1920K, 100% used [0x25490000, 0x25670000, 0x25670000)
  to   space 1920K,   0% used [0x252b0000, 0x252b0000, 0x25490000)
 tenured generation   total 43844K, used 43844K [0x29870000, 0x2c341000, 0x34320000)
   the space 43844K, 100% used [0x29870000, 0x2c341000, 0x2c341000, 0x2c341000)
 compacting perm gen  total 12288K, used 1755K [0x34320000, 0x34f20000, 0x38320000)
   the space 12288K,  14% used [0x34320000, 0x344d6c50, 0x344d6e00, 0x34f20000)
    ro space 10240K,  44% used [0x38320000, 0x38798300, 0x38798400, 0x38d20000)
    rw space 12288K,  52% used [0x38d20000, 0x3936f100, 0x3936f200, 0x39920000)
GC Heap History (10 events):
Event: 2.492 GC heap after
Heap after GC invocations=29 (full 8):
 def new generation   total 16320K, used 977K [0x24320000, 0x254d0000, 0x29870000)
  eden space 14528K,   6% used [0x24320000, 0x24414600, 0x25150000)
  from space 1792K,   0% used [0x25150000, 0x25150000, 0x25310000)
  to   space 1792K,   0% used [0x25310000, 0x25310000, 0x254d0000)
 tenured generation   total 36128K, used 36128K [0x29870000, 0x2bbb8000, 0x34320000)
   the space 36128K, 100% used [0x29870000, 0x2bbb8000, 0x2bbb8000, 0x2bbb8000)
 compacting perm gen  total 12288K, used 1750K [0x34320000, 0x34f20000, 0x38320000)
   the space 12288K,  14% used [0x34320000, 0x344d5a48, 0x344d5c00, 0x34f20000)
    ro space 10240K,  44% used [0x38320000, 0x38798300, 0x38798400, 0x38d20000)
    rw space 12288K,  52% used [0x38d20000, 0x3936f100, 0x3936f200, 0x39920000)
}
Event: 2.557 GC heap before
{Heap before GC invocations=29 (full 8):
 def new generation   total 16320K, used 14528K [0x24320000, 0x254d0000, 0x29870000)
  eden space 14528K, 100% used [0x24320000, 0x25150000, 0x25150000)
  from space 1792K,   0% used [0x25150000, 0x25150000, 0x25310000)
  to   space 1792K,   0% used [0x25310000, 0x25310000, 0x254d0000)
 tenured generation   total 36128K, used 36128K [0x29870000, 0x2bbb8000, 0x34320000)
   the space 36128K, 100% used [0x29870000, 0x2bbb8000, 0x2bbb8000, 0x2bbb8000)
 compacting perm gen  total 12288K, used 1750K [0x34320000, 0x34f20000, 0x38320000)
   the space 12288K,  14% used [0x34320000, 0x344d5a58, 0x344d5c00, 0x34f20000)
    ro space 10240K,  44% used [0x38320000, 0x38798300, 0x38798400, 0x38d20000)
    rw space 12288K,  52% used [0x38d20000, 0x3936f100, 0x3936f200, 0x39920000)
Event: 2.743 GC heap after
Heap after GC invocations=30 (full 9):
 def new generation   total 16960K, used 1674K [0x24320000, 0x25580000, 0x29870000)
  eden space 15104K,  11% used [0x24320000, 0x244c2840, 0x251e0000)
  from space 1856K,   0% used [0x251e0000, 0x251e0000, 0x253b0000)
  to   space 1856K,   0% used [0x253b0000, 0x253b0000, 0x25580000)
 tenured generation   total 37536K, used 37535K [0x29870000, 0x2bd18000, 0x34320000)
   the space 37536K,  99% used [0x29870000, 0x2bd17ff8, 0x2bd18000, 0x2bd18000)
 compacting perm gen  total 12288K, used 1750K [0x34320000, 0x34f20000, 0x38320000)
   the space 12288K,  14% used [0x34320000, 0x344d5a58, 0x344d5c00, 0x34f20000)
    ro space 10240K,  44% used [0x38320000, 0x38798300, 0x38798400, 0x38d20000)
    rw space 12288K,  52% used [0x38d20000, 0x3936f100, 0x3936f200, 0x39920000)
}
Event: 2.783 GC heap before
{Heap before GC invocations=30 (full 9):
 def new generation   total 16960K, used 15104K [0x24320000, 0x25580000, 0x29870000)
  eden space 15104K, 100% used [0x24320000, 0x251e0000, 0x251e0000)
  from space 1856K,   0% used [0x251e0000, 0x251e0000, 0x253b0000)
  to   space 1856K,   0% used [0x253b0000, 0x253b0000, 0x25580000)
 tenured generation   total 37536K, used 37535K [0x29870000, 0x2bd18000, 0x34320000)
   the space 37536K,  99% used [0x29870000, 0x2bd17ff8, 0x2bd18000, 0x2bd18000)
 compacting perm gen  total 12288K, used 1750K [0x34320000, 0x34f20000, 0x38320000)
   the space 12288K,  14% used [0x34320000, 0x344d5a58, 0x344d5c00, 0x34f20000)
    ro space 10240K,  44% used [0x38320000, 0x38798300, 0x38798400, 0x38d20000)
    rw space 12288K,  52% used [0x38d20000, 0x3936f100, 0x3936f200, 0x39920000)
Event: 2.984 GC heap after
Heap after GC invocations=31 (full 10):
 def new generation   total 17856K, used 1796K [0x24320000, 0x25670000, 0x29870000)
  eden space 15936K,  11% used [0x24320000, 0x244e11b0, 0x252b0000)
  from space 1920K,   0% used [0x252b0000, 0x252b0000, 0x25490000)
  to   space 1920K,   0% used [0x25490000, 0x25490000, 0x25670000)
 tenured generation   total 39456K, used 39456K [0x29870000, 0x2bef8000, 0x34320000)
   the space 39456K, 100% used [0x29870000, 0x2bef8000, 0x2bef8000, 0x2bef8000)
 compacting perm gen  total 12288K, used 1750K [0x34320000, 0x34f20000, 0x38320000)
   the space 12288K,  14% used [0x34320000, 0x344d5a58, 0x344d5c00, 0x34f20000)
    ro space 10240K,  44% used [0x38320000, 0x38798300, 0x38798400, 0x38d20000)
    rw space 12288K,  52% used [0x38d20000, 0x3936f100, 0x3936f200, 0x39920000)
}
Event: 3.033 GC heap before
{Heap before GC invocations=31 (full 10):
 def new generation   total 17856K, used 15936K [0x24320000, 0x25670000, 0x29870000)
  eden space 15936K, 100% used [0x24320000, 0x252b0000, 0x252b0000)
  from space 1920K,   0% used [0x252b0000, 0x252b0000, 0x25490000)
  to   space 1920K,   0% used [0x25490000, 0x25490000, 0x25670000)
 tenured generation   total 39456K, used 39456K [0x29870000, 0x2bef8000, 0x34320000)
   the space 39456K, 100% used [0x29870000, 0x2bef8000, 0x2bef8000, 0x2bef8000)
 compacting perm gen  total 12288K, used 1754K [0x34320000, 0x34f20000, 0x38320000)
   the space 12288K,  14% used [0x34320000, 0x344d6908, 0x344d6a00, 0x34f20000)
    ro space 10240K,  44% used [0x38320000, 0x38798300, 0x38798400, 0x38d20000)
    rw space 12288K,  52% used [0x38d20000, 0x3936f100, 0x3936f200, 0x39920000)
Event: 3.254 GC heap after
Heap after GC invocations=32 (full 11):
 def new generation   total 17856K, used 1806K [0x24320000, 0x25670000, 0x29870000)
  eden space 15936K,  11% used [0x24320000, 0x244e3828, 0x252b0000)
  from space 1920K,   0% used [0x25490000, 0x25490000, 0x25670000)
  to   space 1920K,   0% used [0x252b0000, 0x252b0000, 0x25490000)
 tenured generation   total 41612K, used 41534K [0x29870000, 0x2c113000, 0x34320000)
   the space 41612K,  99% used [0x29870000, 0x2c0ffb68, 0x2c0ffc00, 0x2c113000)
 compacting perm gen  total 12288K, used 1754K [0x34320000, 0x34f20000, 0x38320000)
   the space 12288K,  14% used [0x34320000, 0x344d6908, 0x344d6a00, 0x34f20000)
    ro space 10240K,  44% used [0x38320000, 0x38798300, 0x38798400, 0x38d20000)
    rw space 12288K,  52% used [0x38d20000, 0x3936f100, 0x3936f200, 0x39920000)
}
Event: 3.300 GC heap before
{Heap before GC invocations=32 (full 11):
 def new generation   total 17856K, used 15936K [0x24320000, 0x25670000, 0x29870000)
  eden space 15936K, 100% used [0x24320000, 0x252b0000, 0x252b0000)
  from space 1920K,   0% used [0x25490000, 0x25490000, 0x25670000)
  to   space 1920K,   0% used [0x252b0000, 0x252b0000, 0x25490000)
 tenured generation   total 41612K, used 41534K [0x29870000, 0x2c113000, 0x34320000)
   the space 41612K,  99% used [0x29870000, 0x2c0ffb68, 0x2c0ffc00, 0x2c113000)
 compacting perm gen  total 12288K, used 1755K [0x34320000, 0x34f20000, 0x38320000)
   the space 12288K,  14% used [0x34320000, 0x344d6c90, 0x344d6e00, 0x34f20000)
    ro space 10240K,  44% used [0x38320000, 0x38798300, 0x38798400, 0x38d20000)
    rw space 12288K,  52% used [0x38d20000, 0x3936f100, 0x3936f200, 0x39920000)
Event: 3.606 GC heap after
Heap after GC invocations=33 (full 12):
 def new generation   total 17856K, used 1809K [0x24320000, 0x25670000, 0x29870000)
  eden space 15936K,  11% used [0x24320000, 0x244e4620, 0x252b0000)
  from space 1920K,   0% used [0x252b0000, 0x252b0000, 0x25490000)
  to   space 1920K,   0% used [0x25490000, 0x25490000, 0x25670000)
 tenured generation   total 43596K, used 43500K [0x29870000, 0x2c303000, 0x34320000)
   the space 43596K,  99% used [0x29870000, 0x2c2eb388, 0x2c2eb400, 0x2c303000)
 compacting perm gen  total 12288K, used 1755K [0x34320000, 0x34f20000, 0x38320000)
   the space 12288K,  14% used [0x34320000, 0x344d6c50, 0x344d6e00, 0x34f20000)
    ro space 10240K,  44% used [0x38320000, 0x38798300, 0x38798400, 0x38d20000)
    rw space 12288K,  52% used [0x38d20000, 0x3936f100, 0x3936f200, 0x39920000)
}
Event: 3.648 GC heap before
{Heap before GC invocations=33 (full 12):
 def new generation   total 17856K, used 15936K [0x24320000, 0x25670000, 0x29870000)
  eden space 15936K, 100% used [0x24320000, 0x252b0000, 0x252b0000)
  from space 1920K,   0% used [0x252b0000, 0x252b0000, 0x25490000)
  to   space 1920K,   0% used [0x25490000, 0x25490000, 0x25670000)
 tenured generation   total 43596K, used 43500K [0x29870000, 0x2c303000, 0x34320000)
   the space 43596K,  99% used [0x29870000, 0x2c2eb388, 0x2c2eb400, 0x2c303000)
 compacting perm gen  total 12288K, used 1755K [0x34320000, 0x34f20000, 0x38320000)
   the space 12288K,  14% used [0x34320000, 0x344d6c50, 0x344d6e00, 0x34f20000)
    ro space 10240K,  44% used [0x38320000, 0x38798300, 0x38798400, 0x38d20000)
    rw space 12288K,  52% used [0x38d20000, 0x3936f100, 0x3936f200, 0x39920000)

