# JRE version: Java(TM) SE Runtime Environment (7.0_55-b13) (build 1.7.0_55-b13)
# Java VM: Java HotSpot(TM) Client VM (24.55-b03 mixed mode, sharing windows-x86 )
Heap
 def new generation   total 38336K, used 38336K [0x24320000, 0x26cb0000, 0x29870000)
  eden space 34112K, 100% used [0x24320000, 0x26470000, 0x26470000)
  from space 4224K, 100% used [0x26890000, 0x26cb0000, 0x26cb0000)
  to   space 4224K,   0% used [0x26470000, 0x26470000, 0x26890000)
 tenured generation   total 87456K, used 87456K [0x29870000, 0x2edd8000, 0x34320000)
   the space 87456K, 100% used [0x29870000, 0x2edd8000, 0x2edd8000, 0x2edd8000)
 compacting perm gen  total 12288K, used 1755K [0x34320000, 0x34f20000, 0x38320000)
   the space 12288K,  14% used [0x34320000, 0x344d6d40, 0x344d6e00, 0x34f20000)
    ro space 10240K,  44% used [0x38320000, 0x38798300, 0x38798400, 0x38d20000)
    rw space 12288K,  52% used [0x38d20000, 0x3936f100, 0x3936f200, 0x39920000)
GC Heap History (10 events):
Event: 2.867 GC heap after
Heap after GC invocations=36 (full 4):
 def new generation   total 37760K, used 4159K [0x24320000, 0x26c10000, 0x29870000)
  eden space 33600K,   0% used [0x24320000, 0x24320000, 0x263f0000)
  from space 4160K,  99% used [0x263f0000, 0x267ffff8, 0x26800000)
  to   space 4160K,   0% used [0x26800000, 0x26800000, 0x26c10000)
 tenured generation   total 83732K, used 66488K [0x29870000, 0x2ea35000, 0x34320000)
   the space 83732K,  79% used [0x29870000, 0x2d95e060, 0x2d95e200, 0x2ea35000)
 compacting perm gen  total 12288K, used 1755K [0x34320000, 0x34f20000, 0x38320000)
   the space 12288K,  14% used [0x34320000, 0x344d6d00, 0x344d6e00, 0x34f20000)
    ro space 10240K,  44% used [0x38320000, 0x38798300, 0x38798400, 0x38d20000)
    rw space 12288K,  52% used [0x38d20000, 0x3936f100, 0x3936f200, 0x39920000)
}
Event: 2.957 GC heap before
{Heap before GC invocations=36 (full 4):
 def new generation   total 37760K, used 37759K [0x24320000, 0x26c10000, 0x29870000)
  eden space 33600K, 100% used [0x24320000, 0x263f0000, 0x263f0000)
  from space 4160K,  99% used [0x263f0000, 0x267ffff8, 0x26800000)
  to   space 4160K,   0% used [0x26800000, 0x26800000, 0x26c10000)
 tenured generation   total 83732K, used 66488K [0x29870000, 0x2ea35000, 0x34320000)
   the space 83732K,  79% used [0x29870000, 0x2d95e060, 0x2d95e200, 0x2ea35000)
 compacting perm gen  total 12288K, used 1755K [0x34320000, 0x34f20000, 0x38320000)
   the space 12288K,  14% used [0x34320000, 0x344d6d00, 0x344d6e00, 0x34f20000)
    ro space 10240K,  44% used [0x38320000, 0x38798300, 0x38798400, 0x38d20000)
    rw space 12288K,  52% used [0x38d20000, 0x3936f100, 0x3936f200, 0x39920000)
Event: 2.984 GC heap after
Heap after GC invocations=37 (full 4):
 def new generation   total 37760K, used 4159K [0x24320000, 0x26c10000, 0x29870000)
  eden space 33600K,   0% used [0x24320000, 0x24320000, 0x263f0000)
  from space 4160K,  99% used [0x26800000, 0x26c0fff8, 0x26c10000)
  to   space 4160K,   0% used [0x263f0000, 0x263f0000, 0x26800000)
 tenured generation   total 83732K, used 70075K [0x29870000, 0x2ea35000, 0x34320000)
   the space 83732K,  83% used [0x29870000, 0x2dcdee90, 0x2dcdf000, 0x2ea35000)
 compacting perm gen  total 12288K, used 1755K [0x34320000, 0x34f20000, 0x38320000)
   the space 12288K,  14% used [0x34320000, 0x344d6d00, 0x344d6e00, 0x34f20000)
    ro space 10240K,  44% used [0x38320000, 0x38798300, 0x38798400, 0x38d20000)
    rw space 12288K,  52% used [0x38d20000, 0x3936f100, 0x3936f200, 0x39920000)
}
Event: 3.080 GC heap before
{Heap before GC invocations=37 (full 4):
 def new generation   total 37760K, used 37759K [0x24320000, 0x26c10000, 0x29870000)
  eden space 33600K, 100% used [0x24320000, 0x263f0000, 0x263f0000)
  from space 4160K,  99% used [0x26800000, 0x26c0fff8, 0x26c10000)
  to   space 4160K,   0% used [0x263f0000, 0x263f0000, 0x26800000)
 tenured generation   total 83732K, used 70075K [0x29870000, 0x2ea35000, 0x34320000)
   the space 83732K,  83% used [0x29870000, 0x2dcdeec8, 0x2dcdf000, 0x2ea35000)
 compacting perm gen  total 12288K, used 1755K [0x34320000, 0x34f20000, 0x38320000)
   the space 12288K,  14% used [0x34320000, 0x344d6d00, 0x344d6e00, 0x34f20000)
    ro space 10240K,  44% used [0x38320000, 0x38798300, 0x38798400, 0x38d20000)
    rw space 12288K,  52% used [0x38d20000, 0x3936f100, 0x3936f200, 0x39920000)
Event: 3.115 GC heap after
Heap after GC invocations=38 (full 4):
 def new generation   total 37760K, used 4160K [0x24320000, 0x26c10000, 0x29870000)
  eden space 33600K,   0% used [0x24320000, 0x24320000, 0x263f0000)
  from space 4160K, 100% used [0x263f0000, 0x26800000, 0x26800000)
  to   space 4160K,   0% used [0x26800000, 0x26800000, 0x26c10000)
 tenured generation   total 83732K, used 75574K [0x29870000, 0x2ea35000, 0x34320000)
   the space 83732K,  90% used [0x29870000, 0x2e23db18, 0x2e23dc00, 0x2ea35000)
 compacting perm gen  total 12288K, used 1755K [0x34320000, 0x34f20000, 0x38320000)
   the space 12288K,  14% used [0x34320000, 0x344d6d00, 0x344d6e00, 0x34f20000)
    ro space 10240K,  44% used [0x38320000, 0x38798300, 0x38798400, 0x38d20000)
    rw space 12288K,  52% used [0x38d20000, 0x3936f100, 0x3936f200, 0x39920000)
}
Event: 3.212 GC heap before
{Heap before GC invocations=38 (full 4):
 def new generation   total 37760K, used 37760K [0x24320000, 0x26c10000, 0x29870000)
  eden space 33600K, 100% used [0x24320000, 0x263f0000, 0x263f0000)
  from space 4160K, 100% used [0x263f0000, 0x26800000, 0x26800000)
  to   space 4160K,   0% used [0x26800000, 0x26800000, 0x26c10000)
 tenured generation   total 83732K, used 75574K [0x29870000, 0x2ea35000, 0x34320000)
   the space 83732K,  90% used [0x29870000, 0x2e23db18, 0x2e23dc00, 0x2ea35000)
 compacting perm gen  total 12288K, used 1755K [0x34320000, 0x34f20000, 0x38320000)
   the space 12288K,  14% used [0x34320000, 0x344d6d00, 0x344d6e00, 0x34f20000)
    ro space 10240K,  44% used [0x38320000, 0x38798300, 0x38798400, 0x38d20000)
    rw space 12288K,  52% used [0x38d20000, 0x3936f100, 0x3936f200, 0x39920000)
Event: 3.243 GC heap after
Heap after GC invocations=39 (full 4):
 def new generation   total 37760K, used 4159K [0x24320000, 0x26c10000, 0x29870000)
  eden space 33600K,   0% used [0x24320000, 0x24320000, 0x263f0000)
  from space 4160K,  99% used [0x26800000, 0x26c0fff8, 0x26c10000)
  to   space 4160K,   0% used [0x263f0000, 0x263f0000, 0x26800000)
 tenured generation   total 83732K, used 80641K [0x29870000, 0x2ea35000, 0x34320000)
   the space 83732K,  96% used [0x29870000, 0x2e730528, 0x2e730600, 0x2ea35000)
 compacting perm gen  total 12288K, used 1755K [0x34320000, 0x34f20000, 0x38320000)
   the space 12288K,  14% used [0x34320000, 0x344d6d00, 0x344d6e00, 0x34f20000)
    ro space 10240K,  44% used [0x38320000, 0x38798300, 0x38798400, 0x38d20000)
    rw space 12288K,  52% used [0x38d20000, 0x3936f100, 0x3936f200, 0x39920000)
}
Event: 3.380 GC heap before
{Heap before GC invocations=39 (full 4):
 def new generation   total 37760K, used 37759K [0x24320000, 0x26c10000, 0x29870000)
  eden space 33600K, 100% used [0x24320000, 0x263f0000, 0x263f0000)
  from space 4160K,  99% used [0x26800000, 0x26c0fff8, 0x26c10000)
  to   space 4160K,   0% used [0x263f0000, 0x263f0000, 0x26800000)
 tenured generation   total 83732K, used 80641K [0x29870000, 0x2ea35000, 0x34320000)
   the space 83732K,  96% used [0x29870000, 0x2e730528, 0x2e730600, 0x2ea35000)
 compacting perm gen  total 12288K, used 1755K [0x34320000, 0x34f20000, 0x38320000)
   the space 12288K,  14% used [0x34320000, 0x344d6d40, 0x344d6e00, 0x34f20000)
    ro space 10240K,  44% used [0x38320000, 0x38798300, 0x38798400, 0x38d20000)
    rw space 12288K,  52% used [0x38d20000, 0x3936f100, 0x3936f200, 0x39920000)
Event: 3.725 GC heap after
Heap after GC invocations=40 (full 5):
 def new generation   total 38336K, used 4036K [0x24320000, 0x26cb0000, 0x29870000)
  eden space 34112K,  11% used [0x24320000, 0x24711360, 0x26470000)
  from space 4224K,   0% used [0x26470000, 0x26470000, 0x26890000)
  to   space 4224K,   0% used [0x26890000, 0x26890000, 0x26cb0000)
 tenured generation   total 85012K, used 85012K [0x29870000, 0x2eb75000, 0x34320000)
   the space 85012K, 100% used [0x29870000, 0x2eb75000, 0x2eb75000, 0x2eb75000)
 compacting perm gen  total 12288K, used 1755K [0x34320000, 0x34f20000, 0x38320000)
   the space 12288K,  14% used [0x34320000, 0x344d6d40, 0x344d6e00, 0x34f20000)
    ro space 10240K,  44% used [0x38320000, 0x38798300, 0x38798400, 0x38d20000)
    rw space 12288K,  52% used [0x38d20000, 0x3936f100, 0x3936f200, 0x39920000)
}
Event: 3.822 GC heap before
{Heap before GC invocations=40 (full 5):
 def new generation   total 38336K, used 34112K [0x24320000, 0x26cb0000, 0x29870000)
  eden space 34112K, 100% used [0x24320000, 0x26470000, 0x26470000)
  from space 4224K,   0% used [0x26470000, 0x26470000, 0x26890000)
  to   space 4224K,   0% used [0x26890000, 0x26890000, 0x26cb0000)
 tenured generation   total 85012K, used 85012K [0x29870000, 0x2eb75000, 0x34320000)
   the space 85012K, 100% used [0x29870000, 0x2eb75000, 0x2eb75000, 0x2eb75000)
 compacting perm gen  total 12288K, used 1755K [0x34320000, 0x34f20000, 0x38320000)
   the space 12288K,  14% used [0x34320000, 0x344d6d40, 0x344d6e00, 0x34f20000)
    ro space 10240K,  44% used [0x38320000, 0x38798300, 0x38798400, 0x38d20000)
    rw space 12288K,  52% used [0x38d20000, 0x3936f100, 0x3936f200, 0x39920000)

