# JRE version: Java(TM) SE Runtime Environment (7.0_55-b13) (build 1.7.0_55-b13)
# Java VM: Java HotSpot(TM) Client VM (24.55-b03 mixed mode, sharing windows-x86 )
Heap
 def new generation   total 46592K, used 5120K [0x24320000, 0x275a0000, 0x29870000)
  eden space 41472K,   0% used [0x24320000, 0x24320000, 0x26ba0000)
  from space 5120K, 100% used [0x270a0000, 0x275a0000, 0x275a0000)
  to   space 5120K,   0% used [0x26ba0000, 0x26ba0000, 0x270a0000)
 tenured generation   total 107656K, used 107639K [0x29870000, 0x30192000, 0x34320000)
   the space 107656K,  99% used [0x29870000, 0x3018dd58, 0x3018de00, 0x30192000)
 compacting perm gen  total 12288K, used 1755K [0x34320000, 0x34f20000, 0x38320000)
   the space 12288K,  14% used [0x34320000, 0x344d6cf0, 0x344d6e00, 0x34f20000)
    ro space 10240K,  44% used [0x38320000, 0x38798300, 0x38798400, 0x38d20000)
    rw space 12288K,  52% used [0x38d20000, 0x3936f100, 0x3936f200, 0x39920000)
GC Heap History (10 events):
Event: 5.162 GC heap after
Heap after GC invocations=48 (full 8):
 def new generation   total 39680K, used 569K [0x24320000, 0x26e20000, 0x29870000)
  eden space 35328K,   1% used [0x24320000, 0x243ae5a0, 0x265a0000)
  from space 4352K,   0% used [0x265a0000, 0x265a0000, 0x269e0000)
  to   space 4352K,   0% used [0x269e0000, 0x269e0000, 0x26e20000)
 tenured generation   total 87944K, used 87944K [0x29870000, 0x2ee52000, 0x34320000)
   the space 87944K, 100% used [0x29870000, 0x2ee52000, 0x2ee52000, 0x2ee52000)
 compacting perm gen  total 12288K, used 1755K [0x34320000, 0x34f20000, 0x38320000)
   the space 12288K,  14% used [0x34320000, 0x344d6c40, 0x344d6e00, 0x34f20000)
    ro space 10240K,  44% used [0x38320000, 0x38798300, 0x38798400, 0x38d20000)
    rw space 12288K,  52% used [0x38d20000, 0x3936f100, 0x3936f200, 0x39920000)
}
Event: 5.248 GC heap before
{Heap before GC invocations=48 (full 8):
 def new generation   total 39680K, used 35328K [0x24320000, 0x26e20000, 0x29870000)
  eden space 35328K, 100% used [0x24320000, 0x265a0000, 0x265a0000)
  from space 4352K,   0% used [0x265a0000, 0x265a0000, 0x269e0000)
  to   space 4352K,   0% used [0x269e0000, 0x269e0000, 0x26e20000)
 tenured generation   total 87944K, used 87944K [0x29870000, 0x2ee52000, 0x34320000)
   the space 87944K, 100% used [0x29870000, 0x2ee52000, 0x2ee52000, 0x2ee52000)
 compacting perm gen  total 12288K, used 1755K [0x34320000, 0x34f20000, 0x38320000)
   the space 12288K,  14% used [0x34320000, 0x344d6c40, 0x344d6e00, 0x34f20000)
    ro space 10240K,  44% used [0x38320000, 0x38798300, 0x38798400, 0x38d20000)
    rw space 12288K,  52% used [0x38d20000, 0x3936f100, 0x3936f200, 0x39920000)
Event: 5.758 GC heap after
Heap after GC invocations=49 (full 9):
 def new generation   total 40320K, used 4216K [0x24320000, 0x26ed0000, 0x29870000)
  eden space 35904K,  11% used [0x24320000, 0x2473e130, 0x26630000)
  from space 4416K,   0% used [0x26630000, 0x26630000, 0x26a80000)
  to   space 4416K,   0% used [0x26a80000, 0x26a80000, 0x26ed0000)
 tenured generation   total 89352K, used 89352K [0x29870000, 0x2efb2000, 0x34320000)
   the space 89352K, 100% used [0x29870000, 0x2efb2000, 0x2efb2000, 0x2efb2000)
 compacting perm gen  total 12288K, used 1755K [0x34320000, 0x34f20000, 0x38320000)
   the space 12288K,  14% used [0x34320000, 0x344d6c40, 0x344d6e00, 0x34f20000)
    ro space 10240K,  44% used [0x38320000, 0x38798300, 0x38798400, 0x38d20000)
    rw space 12288K,  52% used [0x38d20000, 0x3936f100, 0x3936f200, 0x39920000)
}
Event: 5.847 GC heap before
{Heap before GC invocations=49 (full 9):
 def new generation   total 40320K, used 35904K [0x24320000, 0x26ed0000, 0x29870000)
  eden space 35904K, 100% used [0x24320000, 0x26630000, 0x26630000)
  from space 4416K,   0% used [0x26630000, 0x26630000, 0x26a80000)
  to   space 4416K,   0% used [0x26a80000, 0x26a80000, 0x26ed0000)
 tenured generation   total 89352K, used 89352K [0x29870000, 0x2efb2000, 0x34320000)
   the space 89352K, 100% used [0x29870000, 0x2efb2000, 0x2efb2000, 0x2efb2000)
 compacting perm gen  total 12288K, used 1755K [0x34320000, 0x34f20000, 0x38320000)
   the space 12288K,  14% used [0x34320000, 0x344d6d30, 0x344d6e00, 0x34f20000)
    ro space 10240K,  44% used [0x38320000, 0x38798300, 0x38798400, 0x38d20000)
    rw space 12288K,  52% used [0x38d20000, 0x3936f100, 0x3936f200, 0x39920000)
Event: 6.385 GC heap after
Heap after GC invocations=50 (full 10):
 def new generation   total 42368K, used 4200K [0x24320000, 0x27110000, 0x29870000)
  eden space 37696K,  11% used [0x24320000, 0x2473a1b8, 0x267f0000)
  from space 4672K,   0% used [0x267f0000, 0x267f0000, 0x26c80000)
  to   space 4672K,   0% used [0x26c80000, 0x26c80000, 0x27110000)
 tenured generation   total 93960K, used 93959K [0x29870000, 0x2f432000, 0x34320000)
   the space 93960K,  99% used [0x29870000, 0x2f431ff0, 0x2f432000, 0x2f432000)
 compacting perm gen  total 12288K, used 1755K [0x34320000, 0x34f20000, 0x38320000)
   the space 12288K,  14% used [0x34320000, 0x344d6d30, 0x344d6e00, 0x34f20000)
    ro space 10240K,  44% used [0x38320000, 0x38798300, 0x38798400, 0x38d20000)
    rw space 12288K,  52% used [0x38d20000, 0x3936f100, 0x3936f200, 0x39920000)
}
Event: 6.511 GC heap before
{Heap before GC invocations=50 (full 10):
 def new generation   total 42368K, used 37696K [0x24320000, 0x27110000, 0x29870000)
  eden space 37696K, 100% used [0x24320000, 0x267f0000, 0x267f0000)
  from space 4672K,   0% used [0x267f0000, 0x267f0000, 0x26c80000)
  to   space 4672K,   0% used [0x26c80000, 0x26c80000, 0x27110000)
 tenured generation   total 93960K, used 93959K [0x29870000, 0x2f432000, 0x34320000)
   the space 93960K,  99% used [0x29870000, 0x2f431ff0, 0x2f432000, 0x2f432000)
 compacting perm gen  total 12288K, used 1755K [0x34320000, 0x34f20000, 0x38320000)
   the space 12288K,  14% used [0x34320000, 0x344d6d40, 0x344d6e00, 0x34f20000)
    ro space 10240K,  44% used [0x38320000, 0x38798300, 0x38798400, 0x38d20000)
    rw space 12288K,  52% used [0x38d20000, 0x3936f100, 0x3936f200, 0x39920000)
Event: 7.074 GC heap after
Heap after GC invocations=51 (full 11):
 def new generation   total 44352K, used 4540K [0x24320000, 0x27340000, 0x29870000)
  eden space 39424K,  11% used [0x24320000, 0x2478f1d0, 0x269a0000)
  from space 4928K,   0% used [0x269a0000, 0x269a0000, 0x26e70000)
  to   space 4928K,   0% used [0x26e70000, 0x26e70000, 0x27340000)
 tenured generation   total 98440K, used 98439K [0x29870000, 0x2f892000, 0x34320000)
   the space 98440K,  99% used [0x29870000, 0x2f891ff0, 0x2f892000, 0x2f892000)
 compacting perm gen  total 12288K, used 1755K [0x34320000, 0x34f20000, 0x38320000)
   the space 12288K,  14% used [0x34320000, 0x344d6d40, 0x344d6e00, 0x34f20000)
    ro space 10240K,  44% used [0x38320000, 0x38798300, 0x38798400, 0x38d20000)
    rw space 12288K,  52% used [0x38d20000, 0x3936f100, 0x3936f200, 0x39920000)
}
Event: 7.169 GC heap before
{Heap before GC invocations=51 (full 11):
 def new generation   total 44352K, used 39424K [0x24320000, 0x27340000, 0x29870000)
  eden space 39424K, 100% used [0x24320000, 0x269a0000, 0x269a0000)
  from space 4928K,   0% used [0x269a0000, 0x269a0000, 0x26e70000)
  to   space 4928K,   0% used [0x26e70000, 0x26e70000, 0x27340000)
 tenured generation   total 98440K, used 98439K [0x29870000, 0x2f892000, 0x34320000)
   the space 98440K,  99% used [0x29870000, 0x2f891ff0, 0x2f892000, 0x2f892000)
 compacting perm gen  total 12288K, used 1755K [0x34320000, 0x34f20000, 0x38320000)
   the space 12288K,  14% used [0x34320000, 0x344d6d40, 0x344d6e00, 0x34f20000)
    ro space 10240K,  44% used [0x38320000, 0x38798300, 0x38798400, 0x38d20000)
    rw space 12288K,  52% used [0x38d20000, 0x3936f100, 0x3936f200, 0x39920000)
Event: 7.815 GC heap after
Heap after GC invocations=52 (full 12):
 def new generation   total 46592K, used 3629K [0x24320000, 0x275a0000, 0x29870000)
  eden space 41472K,   8% used [0x24320000, 0x246ab6e0, 0x26ba0000)
  from space 5120K,   0% used [0x26ba0000, 0x26ba0000, 0x270a0000)
  to   space 5120K,   0% used [0x270a0000, 0x270a0000, 0x275a0000)
 tenured generation   total 103304K, used 103304K [0x29870000, 0x2fd52000, 0x34320000)
   the space 103304K, 100% used [0x29870000, 0x2fd52000, 0x2fd52000, 0x2fd52000)
 compacting perm gen  total 12288K, used 1755K [0x34320000, 0x34f20000, 0x38320000)
   the space 12288K,  14% used [0x34320000, 0x344d6ce0, 0x344d6e00, 0x34f20000)
    ro space 10240K,  44% used [0x38320000, 0x38798300, 0x38798400, 0x38d20000)
    rw space 12288K,  52% used [0x38d20000, 0x3936f100, 0x3936f200, 0x39920000)
}
Event: 7.929 GC heap before
{Heap before GC invocations=52 (full 12):
 def new generation   total 46592K, used 41472K [0x24320000, 0x275a0000, 0x29870000)
  eden space 41472K, 100% used [0x24320000, 0x26ba0000, 0x26ba0000)
  from space 5120K,   0% used [0x26ba0000, 0x26ba0000, 0x270a0000)
  to   space 5120K,   0% used [0x270a0000, 0x270a0000, 0x275a0000)
 tenured generation   total 103304K, used 103304K [0x29870000, 0x2fd52000, 0x34320000)
   the space 103304K, 100% used [0x29870000, 0x2fd52000, 0x2fd52000, 0x2fd52000)
 compacting perm gen  total 12288K, used 1755K [0x34320000, 0x34f20000, 0x38320000)
   the space 12288K,  14% used [0x34320000, 0x344d6cf0, 0x344d6e00, 0x34f20000)
    ro space 10240K,  44% used [0x38320000, 0x38798300, 0x38798400, 0x38d20000)
    rw space 12288K,  52% used [0x38d20000, 0x3936f100, 0x3936f200, 0x39920000)

